<?xml version="1.0" encoding="UTF-8"?>
<!-- Generated by org.testng.reporters.JUnitXMLReporter -->
<testsuite ignored="0" hostname="BIT-Saugat" failures="0" tests="8" name="Functional Tests" time="27.924" errors="0" timestamp="2024-02-12T22:20:27 NPT">
  <testcase classname="testCases.Login" name="LoginTest" time="1.613"/>
  <testcase classname="testCases.Login" name="LoginTest" time="1.625"/>
  <testcase classname="testCases.Login" name="LoginTest" time="1.614"/>
  <testcase classname="testCases.Login" name="LoginTest" time="1.674"/>
  <testcase classname="testCases.Login" name="LoginTest" time="1.437"/>
  <testcase classname="testCases.Login" name="LoginTest" time="1.637"/>
  <testcase classname="testCases.Login" name="LoginTest" time="1.408"/>
  <testcase classname="testCases.Login" name="LoginTest" time="1.631"/>
</testsuite> <!-- Functional Tests -->
